<?xml version="1.0" encoding="UTF-8"?>
<testsuite name="my.test.task.buildings.service.CoordinateServiceImplTest" tests="1" skipped="0" failures="0" errors="0" timestamp="2024-06-16T11:09:14" hostname="DESKTOP-32CBVNF" time="4.001">
  <properties/>
  <testcase name="should validate signature()" classname="my.test.task.buildings.service.CoordinateServiceImplTest" time="4.001"/>
  <system-out><![CDATA[]]></system-out>
  <system-err><![CDATA[]]></system-err>
</testsuite>
