<?xml version="1.0" encoding="UTF-8"?>
<testsuite name="my.test.task.buildings.mapper.impl.BuildingConverterImplTest" tests="1" skipped="0" failures="0" errors="0" timestamp="2024-06-16T11:09:14" hostname="DESKTOP-32CBVNF" time="0.053">
  <properties/>
  <testcase name="should update building entity()" classname="my.test.task.buildings.mapper.impl.BuildingConverterImplTest" time="0.053"/>
  <system-out><![CDATA[]]></system-out>
  <system-err><![CDATA[]]></system-err>
</testsuite>
