<?xml version="1.0" encoding="UTF-8"?>
<testsuite name="my.test.task.buildings.service.impl.GeoRequestServiceImplTest" tests="1" skipped="0" failures="0" errors="0" timestamp="2024-06-16T11:09:18" hostname="DESKTOP-32CBVNF" time="0.151">
  <properties/>
  <testcase name="should perform request()" classname="my.test.task.buildings.service.impl.GeoRequestServiceImplTest" time="0.151"/>
  <system-out><![CDATA[]]></system-out>
  <system-err><![CDATA[]]></system-err>
</testsuite>
